0 info it worked if it ends with ok
1 verbose cli [
1 verbose cli   '/home/egogohub/.nvm/versions/node/v17.4.0/bin/node',
1 verbose cli   '/usr/local/bin/npm',
1 verbose cli   'i'
1 verbose cli ]
2 info using npm@3.10.10
3 info using node@v17.4.0
4 silly loadCurrentTree Starting
5 silly install loadCurrentTree
6 silly install readLocalPackageData
7 verbose stack TypeError: cb.apply is not a function
7 verbose stack     at /usr/local/lib/node_modules/npm/node_modules/graceful-fs/polyfills.js:267:18
7 verbose stack     at FSReqCallback.oncomplete (node:fs:199:5)
8 verbose cwd /home/egogohub/Documents/sales/sales.egogohub.tech
9 error Linux 5.13.0-27-generic
10 error argv "/home/egogohub/.nvm/versions/node/v17.4.0/bin/node" "/usr/local/bin/npm" "i"
11 error node v17.4.0
12 error npm  v3.10.10
13 error cb.apply is not a function
14 error If you need help, you may report this error at:
14 error     <https://github.com/npm/npm/issues>
15 verbose exit [ 1, true ]
